<?xml version="1.0" encoding="UTF-8"?>
<testng-results ignored="0" total="1" passed="1" failed="0" skipped="0">
  <reporter-output>
  </reporter-output>
  <suite started-at="2022-08-03T20:46:47 IST" name="Default suite" finished-at="2022-08-03T20:46:57 IST" duration-ms="10147">
    <groups>
    </groups>
    <test started-at="2022-08-03T20:46:47 IST" name="Default test" finished-at="2022-08-03T20:46:57 IST" duration-ms="10147">
      <class name="com.testng.selenium.actiopns.DemoDropdown">
        <test-method signature="test()[pri:0, instance:com.testng.selenium.actiopns.DemoDropdown@957e06]" started-at="2022-08-03T20:46:47 IST" name="test" finished-at="2022-08-03T20:46:57 IST" duration-ms="10104" status="PASS">
          <reporter-output>
          </reporter-output>
        </test-method> <!-- test -->
      </class> <!-- com.testng.selenium.actiopns.DemoDropdown -->
    </test> <!-- Default test -->
  </suite> <!-- Default suite -->
</testng-results>
