<?xml version="1.0" encoding="UTF-8"?>
<!-- Generated by org.testng.reporters.JUnitXMLReporter -->
<testsuite ignored="0" hostname="Sasi" failures="0" tests="5" name="TestRel1.2" time="0.061" errors="0" timestamp="2022-07-09T20:24:53 IST">
  <testcase classname="com.testng.selenium.demoTestNG" name="createUser" time="0.007"/>
  <testcase classname="com.testng.selenium.demoTestNG" name="dashboardVerification" time="0.002"/>
  <testcase classname="com.testng.selenium.demoTestNG" name="editUser" time="0.001"/>
  <testcase classname="com.testng.selenium.demoTestNG" name="login" time="0.001"/>
  <testcase classname="com.testng.selenium.demoTestNG" name="logout" time="0.001"/>
</testsuite> <!-- TestRel1.2 -->
